<?xml version="1.0" encoding="UTF-8"?>
<!-- Generated by org.testng.reporters.JUnitReportReporter -->
<testsuite hostname="DESKTOP-5RK9T99" failures="0" tests="2" name="formexercise.TestCasesTestNG2" time="0.020" errors="0" timestamp="2024-03-19T22:22:49 NPT" skipped="0">
  <testcase classname="formexercise.TestCasesTestNG2" name="sayHello2" time="0.007"/>
  <testcase classname="formexercise.TestCasesTestNG2" name="sayGoodBye1" time="0.013"/>
</testsuite> <!-- formexercise.TestCasesTestNG2 -->
