<?xml version="1.0" encoding="UTF-8"?>
<!-- Generated by org.testng.reporters.JUnitReportReporter -->
<testsuite hostname="DESKTOP-5RK9T99" failures="0" tests="1" name="myPrj.BaseClass" time="9.578" errors="0" timestamp="2024-03-20T16:14:01 NPT" skipped="0">
  <testcase classname="myPrj.BaseClass" name="setUp" time="9.578">
    <system-out>
      <![CDATA[====BROWSER SESSION STARTED====
===STARTING WITH EDGE BROWSER===]]>
    </system-out>
  </testcase> <!-- setUp -->
  <system-out>
    <![CDATA[====BROWSER SESSION STARTED====
===STARTING WITH EDGE BROWSER===]]>
  </system-out>
</testsuite> <!-- myPrj.BaseClass -->
