<?xml version="1.0" encoding="UTF-8"?>
<!-- Generated by org.testng.reporters.JUnitReportReporter -->
<testsuite hostname="DESKTOP-5RK9T99" failures="0" tests="1" name="formexercise.CheckAndValidate" time="27.611" errors="0" timestamp="2024-03-18T14:52:50 NPT" skipped="0">
  <testcase classname="formexercise.CheckAndValidate" name="checkForRegAndLogin" time="27.611"/>
</testsuite> <!-- formexercise.CheckAndValidate -->
