<?xml version="1.0" encoding="UTF-8"?>
<!-- Generated by org.testng.reporters.JUnitReportReporter -->
<testsuite hostname="DESKTOP-5RK9T99" failures="0" tests="2" name="myPrj.DashboardTest" time="8.352" errors="0" timestamp="2024-03-23T14:11:00 NPT" skipped="0">
  <testcase classname="myPrj.DashboardTest" name="verifyLoginStatusText" time="3.831">
    <system-out>
      <![CDATA[==Login Status Text shown and is Verified!]]>
    </system-out>
  </testcase> <!-- verifyLoginStatusText -->
  <testcase classname="myPrj.DashboardTest" name="verifyGreetingText" time="4.521">
    <system-out>
      <![CDATA[==Greeting Text is verified!]]>
    </system-out>
  </testcase> <!-- verifyGreetingText -->
  <system-out>
    <![CDATA[====BROWSER SESSION STARTED====
===STARTING WITH CHROME BROWSER===
==Login Status Text shown and is Verified!
==BROWSER SESSION END==
====BROWSER SESSION STARTED====
===STARTING WITH CHROME BROWSER===
==Greeting Text is verified!
==BROWSER SESSION END==]]>
  </system-out>
</testsuite> <!-- myPrj.DashboardTest -->
