<?xml version="1.0" encoding="UTF-8"?>
<!-- Generated by org.testng.reporters.JUnitReportReporter -->
<testsuite hostname="DESKTOP-5RK9T99" failures="0" tests="3" name="annotationsTest.CheckAnnotations" time="0.023" errors="0" timestamp="2024-03-20T15:07:16 NPT" skipped="0">
  <testcase classname="annotationsTest.CheckAnnotations" name="test3" time="0.014"/>
  <testcase classname="annotationsTest.CheckAnnotations" name="test2" time="0.005"/>
  <testcase classname="annotationsTest.CheckAnnotations" name="test1" time="0.004"/>
</testsuite> <!-- annotationsTest.CheckAnnotations -->
