<?xml version="1.0" encoding="UTF-8"?>
<!-- Generated by org.testng.reporters.JUnitReportReporter -->
<testsuite hostname="DESKTOP-5RK9T99" failures="0" tests="1" name="clouddashboard.LoginCopy" time="5.109" errors="0" timestamp="2024-03-19T21:40:12 NPT" skipped="0">
  <testcase classname="clouddashboard.LoginCopy" name="loginValid" time="5.109"/>
  <system-out>
    <![CDATA[===BROWSER SESSION STARTED===
==RUNNING ON CHROME==
==BROWSER SESSION END==]]>
  </system-out>
</testsuite> <!-- clouddashboard.LoginCopy -->
