<?xml version="1.0" encoding="UTF-8"?>
<!-- Generated by org.testng.reporters.JUnitReportReporter -->
<testsuite hostname="DESKTOP-5RK9T99" failures="0" tests="2" name="formexercise.TestCasesTestNG1" time="0.007" errors="0" timestamp="2024-03-19T22:22:49 NPT" skipped="0">
  <testcase classname="formexercise.TestCasesTestNG1" name="sayGoodBye1" time="0.005"/>
  <testcase classname="formexercise.TestCasesTestNG1" name="sayHello1" time="0.002"/>
</testsuite> <!-- formexercise.TestCasesTestNG1 -->
