<?xml version="1.0" encoding="UTF-8"?>
<!-- Generated by org.testng.reporters.JUnitReportReporter -->
<testsuite hostname="DESKTOP-5RK9T99" failures="0" tests="1" name="myPrj.LoginTest" time="6.111" errors="0" timestamp="2024-03-23T14:07:19 NPT" skipped="0">
  <testcase classname="myPrj.LoginTest" name="loginValid" time="6.111">
    <system-out>
      <![CDATA[==Login Test case Verified==]]>
    </system-out>
  </testcase> <!-- loginValid -->
  <system-out>
    <![CDATA[====BROWSER SESSION STARTED====
===STARTING WITH CHROME BROWSER===
==Login Test case Verified==
==BROWSER SESSION END==]]>
  </system-out>
</testsuite> <!-- myPrj.LoginTest -->
