<?xml version="1.0" encoding="UTF-8"?>
<!-- Generated by org.testng.reporters.JUnitReportReporter -->
<testsuite hostname="DESKTOP-5RK9T99" failures="0" tests="2" name="myPrj.DashboardTest" time="18.447" errors="0" timestamp="2024-03-23T18:12:38 NPT" skipped="0">
  <testcase classname="myPrj.DashboardTest" name="verifyTotalUniversities" time="12.817">
    <system-out>
      <![CDATA[==Total Universities Text has been Verified!]]>
    </system-out>
  </testcase> <!-- verifyTotalUniversities -->
  <testcase classname="myPrj.DashboardTest" name="verifyTotalUniversitiesNumber" time="5.630">
    <system-out>
      <![CDATA[==Total Universities Number has been Verified!==]]>
    </system-out>
  </testcase> <!-- verifyTotalUniversitiesNumber -->
  <system-out>
    <![CDATA[====BROWSER SESSION STARTED====
===STARTING WITH CHROME BROWSER===
==Total Universities Text has been Verified!
==BROWSER SESSION END==
====BROWSER SESSION STARTED====
===STARTING WITH CHROME BROWSER===
==Total Universities Number has been Verified!==
==BROWSER SESSION END==]]>
  </system-out>
</testsuite> <!-- myPrj.DashboardTest -->
