<?xml version="1.0" encoding="UTF-8"?>
<!-- Generated by org.testng.reporters.JUnitReportReporter -->
<testsuite hostname="DESKTOP-5RK9T99" failures="0" tests="2" name="formexercise.TestCasesTestNG" time="0.006" errors="0" timestamp="2024-03-19T22:22:49 NPT" skipped="0">
  <testcase classname="formexercise.TestCasesTestNG" name="sayGoodBye" time="0.002"/>
  <testcase classname="formexercise.TestCasesTestNG" name="sayHello" time="0.004"/>
</testsuite> <!-- formexercise.TestCasesTestNG -->
