<?xml version="1.0" encoding="UTF-8"?>
<!-- Generated by org.testng.reporters.JUnitReportReporter -->
<testsuite hostname="DESKTOP-5RK9T99" failures="0" tests="1" name="clouddashboard.Login" time="12.248" errors="0" timestamp="2024-03-19T21:57:22 NPT" skipped="0">
  <testcase classname="clouddashboard.Login" name="loginValid" time="12.248"/>
  <system-out>
    <![CDATA[===BROWSER SESSION STARTED===
==RUNNING ON CHROME==
==BROWSER SESSION END==]]>
  </system-out>
</testsuite> <!-- clouddashboard.Login -->
